<?xml version="1.0" encoding="UTF-8"?>
<testsuite name="ComputerRepairRequestTest" tests="2" skipped="0" failures="0" errors="0" timestamp="2025-03-04T07:21:33" hostname="DESKTOP-DOE623A" time="0.032">
  <properties/>
  <testcase name="First Test" classname="ComputerRepairRequestTest" time="0.026"/>
  <testcase name="Test Example" classname="ComputerRepairRequestTest" time="0.003"/>
  <system-out><![CDATA[]]></system-out>
  <system-err><![CDATA[]]></system-err>
</testsuite>
